14:07:34.191 [main] INFO  - Goto my account-->Click on Login.. 
14:07:34.883 [main] INFO  - Entering email and password.. 
14:07:35.559 [main] INFO  - clicked on login button...
15:21:51.876 [main] INFO  - Goto my account-->Click on Login.. 
15:21:53.135 [main] INFO  - Entering email and password.. 
15:21:54.620 [main] INFO  - clicked on login button...
15:32:55.009 [main] INFO  - Goto my account-->Click on Login.. 
15:32:55.760 [main] INFO  - Entering email and password.. 
15:32:56.517 [main] INFO  - clicked on login button...
15:44:58.490 [main] INFO  - Goto my account-->Click on Login.. 
15:44:59.375 [main] INFO  - Entering email and password.. 
15:45:00.720 [main] INFO  - clicked on login button...
11:24:02.941 [pool-3-thread-1] INFO  - Goto my account-->Click on Login.. 
11:24:03.761 [pool-3-thread-1] INFO  - Entering email and password.. 
11:24:06.101 [pool-3-thread-1] INFO  - clicked on login button...
11:25:07.956 [main] INFO  - Goto my account-->Click on Login.. 
11:25:08.604 [main] INFO  - Entering email and password.. 
11:25:09.732 [main] INFO  - clicked on login button...
11:27:34.728 [main] INFO  - Goto my account-->Click on Login.. 
11:27:35.361 [main] INFO  - Entering email and password.. 
11:27:36.283 [main] INFO  - clicked on login button...
11:28:39.062 [pool-3-thread-1] INFO  - Goto my account-->Click on Login.. 
11:28:39.709 [pool-3-thread-1] INFO  - Entering email and password.. 
11:28:41.527 [pool-3-thread-1] INFO  - clicked on login button...
11:30:58.762 [main] INFO  - Goto my account-->Click on Login.. 
11:30:59.506 [main] INFO  - Entering email and password.. 
11:31:00.817 [main] INFO  - clicked on login button...
11:32:42.541 [main] INFO  - Goto my account-->Click on Login.. 
11:32:46.118 [main] INFO  - Entering email and password.. 
11:32:47.244 [main] INFO  - clicked on login button...
11:34:08.134 [main] INFO  - Goto my account-->Click on Login.. 
11:34:08.801 [main] INFO  - Entering email and password.. 
11:34:10.471 [main] INFO  - clicked on login button...
11:45:34.561 [main] INFO  - Goto my account-->Click on Login.. 
11:45:35.241 [main] INFO  - Entering email and password.. 
11:45:36.544 [main] INFO  - clicked on login button...
11:48:32.063 [main] INFO  - Goto my account-->Click on Login.. 
11:48:32.749 [main] INFO  - Entering email and password.. 
11:48:34.206 [main] INFO  - clicked on login button...
12:19:09.362 [main] INFO  - Goto my account-->Click on Login.. 
12:19:10.371 [main] INFO  - Entering email and password.. 
12:19:11.738 [main] INFO  - clicked on login button...
12:24:14.670 [main] INFO  - Goto my account-->Click on Login.. 
12:24:15.551 [main] INFO  - Entering email and password.. 
12:24:16.857 [main] INFO  - clicked on login button...
12:25:59.705 [main] INFO  - Goto my account-->Click on Login.. 
12:26:00.443 [main] INFO  - Entering email and password.. 
12:26:01.724 [main] INFO  - clicked on login button...
12:40:21.946 [main] INFO  - Goto my account-->Click on Login.. 
12:40:22.616 [main] INFO  - Entering email and password.. 
12:40:24.212 [main] INFO  - clicked on login button...
12:48:13.135 [main] INFO  - Goto my account-->Click on Login.. 
12:48:14.187 [main] INFO  - Entering email and password.. 
12:48:15.338 [main] INFO  - clicked on login button...
07:20:02.541 [main] INFO  - Goto my account-->Click on Login.. 
07:20:03.687 [main] INFO  - Entering email and password.. 
07:20:04.885 [main] INFO  - clicked on login button...
07:26:07.255 [main] INFO  - Goto my account-->Click on Login.. 
07:26:08.073 [main] INFO  - Entering email and password.. 
07:26:08.937 [main] INFO  - clicked on login button...
07:27:45.855 [main] INFO  - Goto my account-->Click on Login.. 
07:27:46.685 [main] INFO  - Entering email and password.. 
07:27:47.506 [main] INFO  - clicked on login button...
07:42:18.774 [main] INFO  - Goto my account-->Click on Login.. 
07:42:19.621 [main] INFO  - Entering email and password.. 
07:42:20.495 [main] INFO  - clicked on login button...
07:44:30.850 [main] INFO  - Goto my account-->Click on Login.. 
07:44:31.695 [main] INFO  - Entering email and password.. 
07:44:32.578 [main] INFO  - clicked on login button...
07:46:04.249 [main] INFO  - Goto my account-->Click on Login.. 
07:46:05.043 [main] INFO  - Entering email and password.. 
07:46:05.916 [main] INFO  - clicked on login button...
07:52:55.919 [main] INFO  - Goto my account-->Click on Login.. 
07:52:56.718 [main] INFO  - Entering email and password.. 
07:52:57.593 [main] INFO  - clicked on login button...
15:25:24.384 [main] INFO  - Goto my account-->Click on Login.. 
15:25:25.113 [main] INFO  - Entering email and password.. 
15:25:25.860 [main] INFO  - clicked on login button...
13:19:11.693 [main] INFO  - Goto my account-->Click on Login.. 
13:19:12.049 [main] INFO  - Entering email and password.. 
13:19:12.745 [main] INFO  - clicked on login button...
13:19:15.084 [main] INFO  - Goto my account-->Click on Login.. 
13:19:15.694 [main] INFO  - Entering email and password.. 
13:19:16.280 [main] INFO  - clicked on login button...
13:19:18.444 [main] INFO  - Goto my account-->Click on Login.. 
13:19:19.019 [main] INFO  - Entering email and password.. 
13:19:19.606 [main] INFO  - clicked on login button...
13:19:33.533 [main] INFO  - Goto my account-->Click on Login.. 
13:19:33.967 [main] INFO  - Entering email and password.. 
13:19:34.711 [main] INFO  - clicked on login button...
13:19:37.140 [main] INFO  - Goto my account-->Click on Login.. 
13:19:37.811 [main] INFO  - Entering email and password.. 
13:19:38.407 [main] INFO  - clicked on login button...
13:19:40.927 [main] INFO  - Goto my account-->Click on Login.. 
13:19:41.340 [main] INFO  - Entering email and password.. 
13:19:41.922 [main] INFO  - clicked on login button...
13:25:24.109 [main] INFO  - Goto my account-->Click on Login.. 
13:25:24.489 [main] INFO  - Entering email and password.. 
13:25:25.185 [main] INFO  - clicked on login button...
13:25:27.449 [main] INFO  - Goto my account-->Click on Login.. 
13:25:28.263 [main] INFO  - Entering email and password.. 
13:25:29.056 [main] INFO  - clicked on login button...
13:26:45.028 [main] INFO  - Goto my account-->Click on Login.. 
13:26:45.677 [main] DEBUG - Parsing relationship: /xl/_rels/workbook.xml.rels
13:26:45.681 [main] DEBUG - Parsing relationship: /xl/worksheets/_rels/sheet1.xml.rels
13:26:45.683 [main] DEBUG - Parsing relationship: /_rels/.rels
13:26:45.870 [main] TRACE - Loading type system org.apache.poi.schemas.ooxml.system.ooxml
13:26:45.873 [main] TRACE - Loading type system org.apache.xmlbeans.metadata.system.sXMLCONFIG
13:26:45.874 [main] TRACE - Loading type system org.apache.xmlbeans.metadata.system.sXMLLANG
13:26:45.875 [main] TRACE - Loading type system org.apache.xmlbeans.metadata.system.sXMLSCHEMA
13:26:45.876 [main] TRACE - Loading type system org.apache.xmlbeans.metadata.system.sXMLTOOLS
13:26:45.877 [main] TRACE - Reading unresolved handles for type system org.apache.xmlbeans.metadata.system.sXMLTOOLS
13:26:45.893 [main] TRACE - Finished loading type system org.apache.xmlbeans.metadata.system.sXMLTOOLS
13:26:45.893 [main] TRACE - Reading unresolved handles for type system org.apache.xmlbeans.metadata.system.sXMLSCHEMA
13:26:45.900 [main] TRACE - Finished loading type system org.apache.xmlbeans.metadata.system.sXMLSCHEMA
13:26:45.901 [main] TRACE - Reading unresolved handles for type system org.apache.xmlbeans.metadata.system.sXMLLANG
13:26:45.903 [main] TRACE - Finished loading type system org.apache.xmlbeans.metadata.system.sXMLLANG
13:26:45.905 [main] TRACE - Reading unresolved handles for type system org.apache.xmlbeans.metadata.system.sXMLCONFIG
13:26:45.906 [main] TRACE - Finished loading type system org.apache.xmlbeans.metadata.system.sXMLCONFIG
13:26:45.908 [main] TRACE - Reading unresolved handles for type system org.apache.poi.schemas.ooxml.system.ooxml
13:26:45.967 [main] TRACE - Finished loading type system org.apache.poi.schemas.ooxml.system.ooxml
13:26:45.969 [main] TRACE - Resolving type for handle themefd26doctype
13:26:46.024 [main] TRACE - Resolving type for handle stylesheet5d8bdoctype
13:26:46.032 [main] TRACE - Resolving type for handle ctstylesheet4257type
13:26:46.039 [main] TRACE - Resolving type for handle ctfonts6623type
13:26:46.045 [main] TRACE - Resolving type for handle ctfont14d8type
13:26:46.053 [main] TRACE - Resolving type for handle ctfills2c6ftype
13:26:46.057 [main] TRACE - Resolving type for handle ctfill550ctype
13:26:46.060 [main] TRACE - Resolving type for handle ctborders0d66type
13:26:46.064 [main] TRACE - Resolving type for handle ctborderf935type
13:26:46.068 [main] TRACE - Resolving type for handle ctcellxfs1322type
13:26:46.071 [main] TRACE - Resolving type for handle ctxf97f7type
13:26:46.075 [main] TRACE - Resolving type for handle ctcellstylexfsa81ftype
13:26:46.076 [main] TRACE - Resolving type for handle ctdxfsb26atype
13:26:46.078 [main] TRACE - Resolving type for handle cttablestyles872ftype
13:26:46.084 [main] TRACE - Resolving type for handle sstf81fdoctype
13:26:46.089 [main] TRACE - Resolving type for handle ctsst44f3type
13:26:46.099 [main] TRACE - Resolving type for handle ctrsta472type
13:26:46.118 [main] DEBUG - using default POIXMLDocumentPart for http://schemas.openxmlformats.org/officeDocument/2006/relationships/printerSettings
13:26:46.119 [main] TRACE - Resolving type for handle workbookec17doctype
13:26:46.123 [main] TRACE - Resolving type for handle ctworkbook83c3type
13:26:46.131 [main] TRACE - Resolving type for handle ctsheets49fdtype
13:26:46.133 [main] TRACE - Resolving type for handle ctsheet4dbetype
13:26:46.136 [main] TRACE - Resolving type for handle strelationshipid1e94type
13:26:46.140 [main] TRACE - Resolving type for handle worksheetf539doctype
13:26:46.146 [main] TRACE - Resolving type for handle ctworksheet530dtype
13:26:46.152 [main] TRACE - Resolving type for handle ctsheetdata8408type
13:26:46.155 [main] TRACE - Resolving type for handle ctrowdd39type
13:26:46.161 [main] TRACE - Resolving type for handle ctcell842btype
13:26:46.168 [main] TRACE - Resolving type for handle stcellrefe4e0type
13:26:46.176 [main] TRACE - Resolving type for handle ctcols627ctype
13:26:46.182 [main] TRACE - Resolving type for handle ctcola95ftype
13:26:46.198 [main] TRACE - Resolving type for handle cthyperlinks6416type
13:26:46.201 [main] TRACE - Resolving type for handle cthyperlink0c85type
13:26:46.207 [main] TRACE - Resolving type for handle stxstringf179type
13:26:46.209 [main] TRACE - Resolving type for handle stcelltypebf95type
13:26:49.769 [main] INFO  - Goto my account-->Click on Login.. 
13:26:50.475 [main] DEBUG - Parsing relationship: /xl/_rels/workbook.xml.rels
13:26:50.476 [main] DEBUG - Parsing relationship: /xl/worksheets/_rels/sheet1.xml.rels
13:26:50.478 [main] DEBUG - Parsing relationship: /_rels/.rels
13:26:50.498 [main] DEBUG - using default POIXMLDocumentPart for http://schemas.openxmlformats.org/officeDocument/2006/relationships/printerSettings
13:26:54.004 [main] INFO  - Goto my account-->Click on Login.. 
13:26:54.702 [main] DEBUG - Parsing relationship: /xl/_rels/workbook.xml.rels
13:26:54.703 [main] DEBUG - Parsing relationship: /xl/worksheets/_rels/sheet1.xml.rels
13:26:54.704 [main] DEBUG - Parsing relationship: /_rels/.rels
13:26:54.716 [main] DEBUG - using default POIXMLDocumentPart for http://schemas.openxmlformats.org/officeDocument/2006/relationships/printerSettings
13:48:39.597 [main] INFO  - Goto my account-->Click on Login.. 
13:48:39.988 [main] INFO  - Entering email and password.. 
13:48:40.771 [main] INFO  - clicked on login button...
13:49:12.048 [main] INFO  - Goto my account-->Click on Login.. 
13:49:12.456 [main] INFO  - Entering email and password.. 
13:49:12.989 [main] INFO  - clicked on login button...
13:50:16.236 [main] INFO  - Goto my account-->Click on Login.. 
13:50:16.715 [main] INFO  - Entering email and password.. 
13:50:17.317 [main] INFO  - clicked on login button...
13:52:17.145 [main] INFO  - Goto my account-->Click on Login.. 
13:52:17.577 [main] INFO  - Entering email and password.. 
13:52:18.458 [main] INFO  - clicked on login button...
13:52:47.244 [main] INFO  - Goto my account-->Click on Login.. 
13:52:47.656 [main] INFO  - Entering email and password.. 
13:52:48.377 [main] INFO  - clicked on login button...
13:58:08.236 [main] INFO  - Goto my account-->Click on Login.. 
13:58:08.678 [main] INFO  - Entering email and password.. 
13:58:09.405 [main] INFO  - clicked on login button...
